<?xml version="1.0" encoding="UTF-8"?>
<coverage generated="1577350963388" clover="3.2.0">
  <project timestamp="1577350963388" name="All files">
    <metrics statements="7" coveredstatements="7" conditionals="8" coveredconditionals="8" methods="1" coveredmethods="1" elements="16" coveredelements="16" complexity="0" loc="7" ncloc="7" packages="1" files="1" classes="1"/>
    <file name="index.tsx" path="/Users/tfilipovici/dev/skeleton-text/src/index.tsx">
      <metrics statements="7" coveredstatements="7" conditionals="8" coveredconditionals="8" methods="1" coveredmethods="1"/>
      <line num="1" count="1" type="stmt"/>
      <line num="3" count="1" type="stmt"/>
      <line num="11" count="8" type="cond" truecount="2" falsecount="0"/>
      <line num="12" count="4" type="cond" truecount="2" falsecount="0"/>
      <line num="13" count="4" type="cond" truecount="2" falsecount="0"/>
      <line num="15" count="4" type="cond" truecount="2" falsecount="0"/>
      <line num="18" count="1" type="stmt"/>
    </file>
  </project>
</coverage>
