{"/Users/tfilipovici/dev/skeleton-text/src/index.tsx": {"path":"/Users/tfilipovici/dev/skeleton-text/src/index.tsx","statementMap":{"0":{"start":{"line":1,"column":0},"end":{"line":1,"column":26}},"1":{"start":{"line":3,"column":0},"end":{"line":3,"column":34}},"2":{"start":{"line":11,"column":51},"end":{"line":16,"column":1}},"3":{"start":{"line":11,"column":54},"end":{"line":11,"column":63}},"4":{"start":{"line":11,"column":65},"end":{"line":11,"column":74}},"5":{"start":{"line":11,"column":76},"end":{"line":11,"column":84}},"6":{"start":{"line":11,"column":86},"end":{"line":11,"column":110}},"7":{"start":{"line":12,"column":22},"end":{"line":12,"column":54}},"8":{"start":{"line":13,"column":21},"end":{"line":13,"column":76}},"9":{"start":{"line":15,"column":2},"end":{"line":15,"column":79}},"10":{"start":{"line":18,"column":0},"end":{"line":18,"column":28}}},"fnMap":{"0":{"name":"(anonymous_1)","decl":{"start":{"line":11,"column":51},"end":{"line":11,"column":52}},"loc":{"start":{"line":11,"column":112},"end":{"line":16,"column":1}}}},"branchMap":{"0":{"loc":{"start":{"line":11,"column":86},"end":{"line":11,"column":110}},"type":"cond-expr","locations":[{"start":{"line":11,"column":86},"end":{"line":11,"column":110}},{"start":{"line":11,"column":86},"end":{"line":11,"column":110}}]},"1":{"loc":{"start":{"line":12,"column":34},"end":{"line":12,"column":49}},"type":"cond-expr","locations":[{"start":{"line":12,"column":34},"end":{"line":12,"column":49}},{"start":{"line":12,"column":52},"end":{"line":12,"column":54}}]},"2":{"loc":{"start":{"line":13,"column":35},"end":{"line":13,"column":37}},"type":"cond-expr","locations":[{"start":{"line":13,"column":35},"end":{"line":13,"column":37}},{"start":{"line":13,"column":40},"end":{"line":13,"column":60}}]},"3":{"loc":{"start":{"line":15,"column":50},"end":{"line":15,"column":58}},"type":"cond-expr","locations":[{"start":{"line":15,"column":50},"end":{"line":15,"column":58}},{"start":{"line":15,"column":61},"end":{"line":15,"column":70}}]}},"s":{"0":1,"1":1,"2":1,"3":4,"4":4,"5":4,"6":8,"7":4,"8":4,"9":4,"10":1},"f":{"0":4},"b":{"0":[2,2],"1":[1,3],"2":[1,3],"3":[1,3]}}
}
